09/26/2019 13:31:30 INICIANDO...
09/26/2019 13:31:30 2.2.0.1
09/26/2019 13:31:30 Usuário: Tallita(Administrador)
09/26/2019 13:31:30 Versão do Sistema Operacional: 6.2.9200
09/26/2019 13:31:30 64 Bits: true
09/26/2019 13:31:30 Versão do Firefox.  ( 0.7 )
09/26/2019 13:31:30 UAC: Ativado
09/26/2019 13:31:30 Verificando se Firefox está instalado...
09/26/2019 13:31:30 Firefox não instalado.
09/26/2019 13:31:30 [Verificando Ambiente] Verificando...
09/26/2019 13:31:30 [Verificando Ambiente] Ativando Transport Layer Security (TLS)
09/26/2019 13:31:30 [Verificando Ambiente] Ok.
09/26/2019 13:31:30 [Arquivo hosts] Verificando...
09/26/2019 13:31:30 [Arquivo hosts] Ok.
09/26/2019 13:31:30 [Instalação de certificados raiz] Verificando...
09/26/2019 13:31:30 [Instalação de certificados raiz] Efetuando download do instalador...
09/26/2019 13:31:37 [Instalação de certificados raiz] Instalando...
09/26/2019 13:31:37 [Instalação de certificados raiz] Ok.
09/26/2019 13:31:37 [Terminal Services] Verificando...
09/26/2019 13:31:37 [Terminal Services] Ok.
09/26/2019 13:31:37 [Limpeza do cache IE] Verificando...
09/26/2019 13:31:37 [Limpeza do cache IE] Limpando...
09/26/2019 13:31:37 [Limpeza do cache IE] Ok.
09/26/2019 13:31:37 [Instalando Módulo de Segurança] Verificando...
09/26/2019 13:31:37 [Instalando Módulo de Segurança] Efetuando download do instalador...
09/26/2019 13:31:45 [Instalando Módulo de Segurança] Instalando...
09/26/2019 13:31:59 [Instalando Módulo de Segurança] Ok.
09/26/2019 13:31:59 [Preparando Ambiente] Verificando...
09/26/2019 13:31:59 [Preparando Ambiente] Ok.
09/26/2019 13:31:59 [Configurações do Módulo de Segurança] Verificando...
09/26/2019 13:32:00 [Configurações do Módulo de Segurança] Ok.
09/26/2019 13:32:00 [Instalando configurações da CAIXA] Verificando...
09/26/2019 13:32:09 [Instalando configurações da CAIXA] Ok.
09/26/2019 13:32:09 [Ajustando ambiente] Verificando...
09/26/2019 13:32:09 [Ajustando ambiente] Ok.
09/26/2019 13:32:09 [Concluindo execucao] Verificando...
09/26/2019 13:32:12 [Concluindo execucao] CONCLUÍDO.
09/26/2019 13:32:12 CONCLUÍDO.
